Started GET "/" for ::1 at 2019-05-07 12:28:12 +0500
Processing by Rails::WelcomeController#index as HTML
  Rendering /home/ashaikh/.rvm/gems/ruby-2.5.1/gems/railties-5.2.3/lib/rails/templates/rails/welcome/index.html.erb
  Rendered /home/ashaikh/.rvm/gems/ruby-2.5.1/gems/railties-5.2.3/lib/rails/templates/rails/welcome/index.html.erb (16.2ms)
Completed 200 OK in 75ms (Views: 69.7ms | ActiveRecord: 0.0ms)


  [1m[35m (1.2ms)[0m  [1m[35mCREATE DATABASE "library_development" ENCODING = 'unicode'[0m
  ↳ /home/ashaikh/.rvm/gems/ruby-2.5.1/bin/rake:23
  [1m[35m (0.5ms)[0m  [1m[35mCREATE DATABASE "library_test" ENCODING = 'unicode'[0m
  ↳ /home/ashaikh/.rvm/gems/ruby-2.5.1/bin/rake:23
  [1m[35m (0.8ms)[0m  [1m[34mSELECT pg_try_advisory_lock(5288427128707212630)[0m
  ↳ bin/rails:9
  [1m[35m (32.7ms)[0m  [1m[34mSELECT "schema_migrations"."version" FROM "schema_migrations" ORDER BY "schema_migrations"."version" ASC[0m
  ↳ bin/rails:9
Migrating to CreateSocials (20190507072929)
  [1m[35m (0.6ms)[0m  [1m[35mBEGIN[0m
  ↳ bin/rails:9
  [1m[35m (462.0ms)[0m  [1m[35mCREATE TABLE "socials" ("id" bigserial primary key, "linkedin" character varying, "twitter" character varying, "github" character varying, "created_at" timestamp NOT NULL, "updated_at" timestamp NOT NULL)[0m
  ↳ db/migrate/20190507072929_create_socials.rb:3
  [1m[36mActiveRecord::SchemaMigration Create (1.4ms)[0m  [1m[32mINSERT INTO "schema_migrations" ("version") VALUES ($1) RETURNING "version"[0m  [["version", "20190507072929"]]
  ↳ bin/rails:9
  [1m[35m (15.8ms)[0m  [1m[35mCOMMIT[0m
  ↳ bin/rails:9
  [1m[36mActiveRecord::InternalMetadata Load (33.6ms)[0m  [1m[34mSELECT  "ar_internal_metadata".* FROM "ar_internal_metadata" WHERE "ar_internal_metadata"."key" = $1 LIMIT $2[0m  [["key", "environment"], ["LIMIT", 1]]
  ↳ bin/rails:9
  [1m[35m (0.4ms)[0m  [1m[35mBEGIN[0m
  ↳ bin/rails:9
  [1m[35m (0.4ms)[0m  [1m[35mCOMMIT[0m
  ↳ bin/rails:9
  [1m[35m (0.7ms)[0m  [1m[34mSELECT pg_advisory_unlock(5288427128707212630)[0m
  ↳ bin/rails:9
  [1m[35m (0.9ms)[0m  [1m[34mSELECT "schema_migrations"."version" FROM "schema_migrations" ORDER BY "schema_migrations"."version" ASC[0m
  ↳ bin/rails:9
  [1m[35m (0.2ms)[0m  [1m[35mBEGIN[0m
  [1m[36mSocial Create (0.7ms)[0m  [1m[32mINSERT INTO "socials" ("linkedin", "twitter", "github", "created_at", "updated_at") VALUES ($1, $2, $3, $4, $5) RETURNING "id"[0m  [["linkedin", "https://www.linkedin.com/in/muhammadawaisshaikh"], ["twitter", "https://twitter.com/awaisshaikh_"], ["github", "https://github.com/muhammadawaisshaikh"], ["created_at", "2019-05-07 07:34:53.863940"], ["updated_at", "2019-05-07 07:34:53.863940"]]
  [1m[35m (7.5ms)[0m  [1m[35mCOMMIT[0m
Started GET "/v1/socials" for ::1 at 2019-05-07 12:35:09 +0500
  [1m[35m (0.5ms)[0m  [1m[34mSELECT "schema_migrations"."version" FROM "schema_migrations" ORDER BY "schema_migrations"."version" ASC[0m
  ↳ /home/ashaikh/.rvm/gems/ruby-2.5.1/gems/activerecord-5.2.3/lib/active_record/log_subscriber.rb:98
Processing by V1::SocialsController#index as HTML
  [1m[36mSocial Load (0.4ms)[0m  [1m[34mSELECT "socials".* FROM "socials"[0m
  ↳ app/controllers/v1/socials_controller.rb:4
Completed 200 OK in 12ms (Views: 6.9ms | ActiveRecord: 3.2ms)


